\BOOKMARK [0][-]{chapter*.2}{\376\377\000P\000r\000e\000f\000a\000c\000e}{}% 1
\BOOKMARK [0][-]{chapter*.3}{\376\377\000C\000a\000r\000t\000e\000\040\000d\000e\000s\000\040\000C\000o\000n\000c\000e\000p\000t\000s}{}% 2
\BOOKMARK [-1][-]{part.1}{\376\377\000I\000\040\000F\000o\000n\000d\000a\000t\000i\000o\000n\000s}{}% 3
\BOOKMARK [0][-]{chapter.1}{\376\377\000P\000a\000r\000s\000i\000n\000g\000\040\000:\000\040\000L\000i\000r\000e\000\040\000e\000t\000\040\000T\000r\000a\000n\000s\000f\000o\000r\000m\000e\000r\000\040\000l\000e\000s\000\040\000D\000o\000n\000n\000e\000e\000s}{part.1}% 4
\BOOKMARK [1][-]{section.1.1}{\376\377\000Q\000u\000'\000e\000s\000t\000-\000c\000e\000\040\000q\000u\000e\000\040\000l\000e\000\040\000p\000a\000r\000s\000i\000n\000g\000\040\000?}{chapter.1}% 5
\BOOKMARK [1][-]{section.1.2}{\376\377\000L\000i\000r\000e\000\040\000u\000n\000\040\000f\000i\000c\000h\000i\000e\000r}{chapter.1}% 6
\BOOKMARK [2][-]{subsection.1.2.1}{\376\377\000L\000a\000\040\000m\000e\000t\000h\000o\000d\000e\000\040\000d\000e\000\040\000b\000a\000s\000e}{section.1.2}% 7
\BOOKMARK [2][-]{subsection.1.2.2}{\376\377\000N\000e\000t\000t\000o\000y\000e\000r\000\040\000l\000e\000s\000\040\000d\000o\000n\000n\000e\000e\000s}{section.1.2}% 8
\BOOKMARK [1][-]{section.1.3}{\376\377\000D\000e\000c\000o\000u\000p\000e\000r\000\040\000u\000n\000e\000\040\000c\000h\000a\000i\000n\000e}{chapter.1}% 9
\BOOKMARK [2][-]{subsection.1.3.1}{\376\377\000s\000p\000l\000i\000t\000\050\000\051\000\040\000:\000\040\000l\000e\000\040\000c\000o\000u\000t\000e\000a\000u\000\040\000s\000u\000i\000s\000s\000e}{section.1.3}% 10
\BOOKMARK [1][-]{section.1.4}{\376\377\000C\000o\000n\000v\000e\000r\000t\000i\000r\000\040\000l\000e\000s\000\040\000t\000y\000p\000e\000s}{chapter.1}% 11
\BOOKMARK [1][-]{section.1.5}{\376\377\000P\000a\000t\000t\000e\000r\000n\000s\000\040\000d\000e\000\040\000p\000a\000r\000s\000i\000n\000g\000\040\000c\000o\000u\000r\000a\000n\000t\000s}{chapter.1}% 12
\BOOKMARK [2][-]{subsection.1.5.1}{\376\377\000P\000a\000t\000t\000e\000r\000n\000\040\0001\000\040\000:\000\040\000L\000i\000s\000t\000e\000\040\000d\000e\000\040\000n\000o\000m\000b\000r\000e\000s}{section.1.5}% 13
\BOOKMARK [2][-]{subsection.1.5.2}{\376\377\000P\000a\000t\000t\000e\000r\000n\000\040\0002\000\040\000:\000\040\000V\000a\000l\000e\000u\000r\000s\000\040\000s\000e\000p\000a\000r\000e\000e\000s\000\040\000p\000a\000r\000\040\000v\000i\000r\000g\000u\000l\000e\000s}{section.1.5}% 14
\BOOKMARK [2][-]{subsection.1.5.3}{\376\377\000P\000a\000t\000t\000e\000r\000n\000\040\0003\000\040\000:\000\040\000G\000r\000i\000l\000l\000e\000\040\0002\000D}{section.1.5}% 15
\BOOKMARK [2][-]{subsection.1.5.4}{\376\377\000P\000a\000t\000t\000e\000r\000n\000\040\0004\000\040\000:\000\040\000S\000e\000c\000t\000i\000o\000n\000s\000\040\000s\000e\000p\000a\000r\000e\000e\000s\000\040\000p\000a\000r\000\040\000l\000i\000g\000n\000e\000\040\000v\000i\000d\000e}{section.1.5}% 16
\BOOKMARK [1][-]{section.1.6}{\376\377\000C\000h\000a\000l\000l\000e\000n\000g\000e\000s\000\040\000d\000'\000a\000p\000p\000l\000i\000c\000a\000t\000i\000o\000n}{chapter.1}% 17
\BOOKMARK [1][-]{section.1.7}{\376\377\000A\000p\000p\000l\000i\000c\000a\000t\000i\000o\000n\000\040\000e\000n\000\040\000c\000y\000b\000e\000r\000s\000e\000c\000u\000r\000i\000t\000e}{chapter.1}% 18
\BOOKMARK [1][-]{section.1.8}{\376\377\000R\000e\000s\000u\000m\000e}{chapter.1}% 19
\BOOKMARK [0][-]{chapter.2}{\376\377\000A\000r\000i\000t\000h\000m\000e\000t\000i\000q\000u\000e\000\040\000:\000\040\000C\000o\000m\000p\000t\000e\000r\000\040\000e\000t\000\040\000C\000a\000l\000c\000u\000l\000e\000r}{part.1}% 20
\BOOKMARK [1][-]{section.2.1}{\376\377\000L\000e\000s\000\040\000o\000p\000e\000r\000a\000t\000i\000o\000n\000s\000\040\000d\000e\000\040\000b\000a\000s\000e}{chapter.2}% 21
\BOOKMARK [1][-]{section.2.2}{\376\377\000L\000e\000\040\000m\000o\000d\000u\000l\000o\000\040\000:\000\040\000t\000o\000n\000\040\000n\000o\000u\000v\000e\000l\000\040\000a\000m\000i}{chapter.2}% 22
\BOOKMARK [1][-]{section.2.3}{\376\377\000G\000C\000D\000\040\000e\000t\000\040\000L\000C\000M\000\040\000:\000\040\000c\000y\000c\000l\000e\000s\000\040\000e\000t\000\040\000p\000e\000r\000i\000o\000d\000i\000c\000i\000t\000e}{chapter.2}% 23
\BOOKMARK [1][-]{section.2.4}{\376\377\000C\000h\000a\000l\000l\000e\000n\000g\000e\000s\000\040\000d\000'\000a\000p\000p\000l\000i\000c\000a\000t\000i\000o\000n}{chapter.2}% 24
\BOOKMARK [1][-]{section.2.5}{\376\377\000R\000e\000s\000u\000m\000e}{chapter.2}% 25
\BOOKMARK [0][-]{chapter.3}{\376\377\000R\000e\000c\000h\000e\000r\000c\000h\000e\000\040\000:\000\040\000T\000r\000o\000u\000v\000e\000r\000\040\000c\000e\000\040\000q\000u\000'\000o\000n\000\040\000C\000h\000e\000r\000c\000h\000e}{part.1}% 26
\BOOKMARK [1][-]{section.3.1}{\376\377\000R\000e\000c\000h\000e\000r\000c\000h\000e\000\040\000l\000i\000n\000e\000a\000i\000r\000e}{chapter.3}% 27
\BOOKMARK [1][-]{section.3.2}{\376\377\000R\000e\000c\000h\000e\000r\000c\000h\000e\000\040\000d\000a\000n\000s\000\040\000u\000n\000\040\000s\000e\000t\000\040\000:\000\040\000O\000\050\0001\000\051}{chapter.3}% 28
\BOOKMARK [1][-]{section.3.3}{\376\377\000R\000e\000c\000h\000e\000r\000c\000h\000e\000\040\000b\000i\000n\000a\000i\000r\000e}{chapter.3}% 29
\BOOKMARK [1][-]{section.3.4}{\376\377\000C\000h\000a\000l\000l\000e\000n\000g\000e\000s\000\040\000d\000'\000a\000p\000p\000l\000i\000c\000a\000t\000i\000o\000n}{chapter.3}% 30
\BOOKMARK [1][-]{section.3.5}{\376\377\000R\000e\000s\000u\000m\000e}{chapter.3}% 31
\BOOKMARK [0][-]{chapter.4}{\376\377\000G\000r\000i\000l\000l\000e\000s\000\040\0002\000D\000\040\000:\000\040\000N\000a\000v\000i\000g\000u\000e\000r\000\040\000d\000a\000n\000s\000\040\000l\000'\000E\000s\000p\000a\000c\000e}{part.1}% 32
\BOOKMARK [1][-]{section.4.1}{\376\377\000R\000e\000p\000r\000e\000s\000e\000n\000t\000e\000r\000\040\000u\000n\000e\000\040\000g\000r\000i\000l\000l\000e}{chapter.4}% 33
\BOOKMARK [1][-]{section.4.2}{\376\377\000L\000e\000s\000\040\0004\000\040\000d\000i\000r\000e\000c\000t\000i\000o\000n\000s}{chapter.4}% 34
\BOOKMARK [1][-]{section.4.3}{\376\377\000D\000i\000s\000t\000a\000n\000c\000e\000\040\000d\000e\000\040\000M\000a\000n\000h\000a\000t\000t\000a\000n}{chapter.4}% 35
\BOOKMARK [1][-]{section.4.4}{\376\377\000C\000h\000a\000l\000l\000e\000n\000g\000e\000s\000\040\000d\000'\000a\000p\000p\000l\000i\000c\000a\000t\000i\000o\000n}{chapter.4}% 36
\BOOKMARK [-1][-]{part.2}{\376\377\000I\000I\000\040\000S\000t\000r\000u\000c\000t\000u\000r\000e\000s\000\040\000d\000e\000\040\000D\000o\000n\000n\000e\000e\000s}{}% 37
\BOOKMARK [0][-]{chapter.5}{\376\377\000E\000n\000s\000e\000m\000b\000l\000e\000s\000\040\000\050\000S\000e\000t\000s\000\051\000\040\000:\000\040\000L\000'\000U\000n\000i\000c\000i\000t\000e}{part.2}% 38
\BOOKMARK [1][-]{section.5.1}{\376\377\000Q\000u\000'\000e\000s\000t\000-\000c\000e\000\040\000q\000u\000'\000u\000n\000\040\000s\000e\000t\000\040\000?}{chapter.5}% 39
\BOOKMARK [1][-]{section.5.2}{\376\377\000O\000p\000e\000r\000a\000t\000i\000o\000n\000s\000\040\000e\000n\000s\000e\000m\000b\000l\000i\000s\000t\000e\000s}{chapter.5}% 40
\BOOKMARK [1][-]{section.5.3}{\376\377\000P\000a\000t\000t\000e\000r\000n\000\040\000:\000\040\000P\000o\000s\000i\000t\000i\000o\000n\000s\000\040\000v\000i\000s\000i\000t\000e\000e\000s}{chapter.5}% 41
\BOOKMARK [1][-]{section.5.4}{\376\377\000C\000h\000a\000l\000l\000e\000n\000g\000e\000s\000\040\000d\000'\000a\000p\000p\000l\000i\000c\000a\000t\000i\000o\000n}{chapter.5}% 42
\BOOKMARK [0][-]{chapter.6}{\376\377\000D\000i\000c\000t\000i\000o\000n\000n\000a\000i\000r\000e\000s\000\040\000:\000\040\000A\000s\000s\000o\000c\000i\000e\000r\000\040\000C\000l\000e\000s\000\040\000e\000t\000\040\000V\000a\000l\000e\000u\000r\000s}{part.2}% 43
\BOOKMARK [1][-]{section.6.1}{\376\377\000Q\000u\000'\000e\000s\000t\000-\000c\000e\000\040\000q\000u\000'\000u\000n\000\040\000d\000i\000c\000t\000\040\000?}{chapter.6}% 44
\BOOKMARK [1][-]{section.6.2}{\376\377\000d\000e\000f\000a\000u\000l\000t\000d\000i\000c\000t\000\040\000:\000\040\000l\000e\000\040\000d\000i\000c\000t\000\040\000i\000n\000t\000e\000l\000l\000i\000g\000e\000n\000t}{chapter.6}% 45
\BOOKMARK [1][-]{section.6.3}{\376\377\000C\000o\000u\000n\000t\000e\000r\000\040\000:\000\040\000c\000o\000m\000p\000t\000e\000r\000\040\000a\000u\000t\000o\000m\000a\000t\000i\000q\000u\000e\000m\000e\000n\000t}{chapter.6}% 46
\BOOKMARK [1][-]{section.6.4}{\376\377\000C\000h\000a\000l\000l\000e\000n\000g\000e\000s\000\040\000d\000'\000a\000p\000p\000l\000i\000c\000a\000t\000i\000o\000n}{chapter.6}% 47
\BOOKMARK [0][-]{chapter.7}{\376\377\000P\000i\000l\000e\000s\000\040\000e\000t\000\040\000F\000i\000l\000e\000s\000\040\000:\000\040\000L\000'\000O\000r\000d\000r\000e\000\040\000d\000e\000\040\000T\000r\000a\000i\000t\000e\000m\000e\000n\000t}{part.2}% 48
\BOOKMARK [1][-]{section.7.1}{\376\377\000L\000a\000\040\000P\000i\000l\000e\000\040\000\050\000S\000t\000a\000c\000k\000\051\000\040\000:\000\040\000L\000I\000F\000O}{chapter.7}% 49
\BOOKMARK [1][-]{section.7.2}{\376\377\000L\000a\000\040\000F\000i\000l\000e\000\040\000\050\000Q\000u\000e\000u\000e\000\051\000\040\000:\000\040\000F\000I\000F\000O}{chapter.7}% 50
\BOOKMARK [1][-]{section.7.3}{\376\377\000A\000p\000p\000l\000i\000c\000a\000t\000i\000o\000n\000s}{chapter.7}% 51
\BOOKMARK [1][-]{section.7.4}{\376\377\000C\000h\000a\000l\000l\000e\000n\000g\000e\000s\000\040\000d\000'\000a\000p\000p\000l\000i\000c\000a\000t\000i\000o\000n}{chapter.7}% 52
\BOOKMARK [0][-]{chapter.8}{\376\377\000A\000r\000b\000r\000e\000s\000\040\000:\000\040\000S\000t\000r\000u\000c\000t\000u\000r\000e\000s\000\040\000H\000i\000e\000r\000a\000r\000c\000h\000i\000q\000u\000e\000s}{part.2}% 53
\BOOKMARK [1][-]{section.8.1}{\376\377\000Q\000u\000'\000e\000s\000t\000-\000c\000e\000\040\000q\000u\000'\000u\000n\000\040\000a\000r\000b\000r\000e\000\040\000?}{chapter.8}% 54
\BOOKMARK [1][-]{section.8.2}{\376\377\000P\000a\000r\000c\000o\000u\000r\000s\000\040\000d\000'\000a\000r\000b\000r\000e}{chapter.8}% 55
\BOOKMARK [1][-]{section.8.3}{\376\377\000C\000h\000a\000l\000l\000e\000n\000g\000e\000s\000\040\000d\000'\000a\000p\000p\000l\000i\000c\000a\000t\000i\000o\000n}{chapter.8}% 56
\BOOKMARK [-1][-]{part.3}{\376\377\000I\000I\000I\000\040\000A\000l\000g\000o\000r\000i\000t\000h\000m\000e\000s}{}% 57
\BOOKMARK [0][-]{chapter.9}{\376\377\000R\000e\000c\000u\000r\000s\000i\000o\000n\000\040\000:\000\040\000S\000e\000\040\000R\000a\000p\000p\000e\000l\000e\000r\000\040\000S\000o\000i\000-\000m\000e\000m\000e}{part.3}% 58
\BOOKMARK [1][-]{section.9.1}{\376\377\000Q\000u\000'\000e\000s\000t\000-\000c\000e\000\040\000q\000u\000e\000\040\000l\000a\000\040\000r\000e\000c\000u\000r\000s\000i\000o\000n\000\040\000?}{chapter.9}% 59
\BOOKMARK [1][-]{section.9.2}{\376\377\000M\000e\000m\000o\000i\000z\000a\000t\000i\000o\000n\000\040\000:\000\040\000e\000v\000i\000t\000e\000r\000\040\000l\000e\000s\000\040\000r\000e\000c\000a\000l\000c\000u\000l\000s}{chapter.9}% 60
\BOOKMARK [1][-]{section.9.3}{\376\377\000C\000h\000a\000l\000l\000e\000n\000g\000e\000s\000\040\000d\000'\000a\000p\000p\000l\000i\000c\000a\000t\000i\000o\000n}{chapter.9}% 61
\BOOKMARK [0][-]{chapter.10}{\376\377\000G\000r\000a\000p\000h\000e\000s\000\040\000:\000\040\000B\000F\000S\000,\000\040\000D\000F\000S\000\040\000e\000t\000\040\000D\000i\000j\000k\000s\000t\000r\000a}{part.3}% 62
\BOOKMARK [1][-]{section.10.1}{\376\377\000Q\000u\000'\000e\000s\000t\000-\000c\000e\000\040\000q\000u\000'\000u\000n\000\040\000g\000r\000a\000p\000h\000e\000\040\000?}{chapter.10}% 63
\BOOKMARK [1][-]{section.10.2}{\376\377\000B\000F\000S\000\040\000:\000\040\000L\000a\000r\000g\000e\000u\000r\000\040\000d\000'\000a\000b\000o\000r\000d}{chapter.10}% 64
\BOOKMARK [1][-]{section.10.3}{\376\377\000D\000F\000S\000\040\000:\000\040\000P\000r\000o\000f\000o\000n\000d\000e\000u\000r\000\040\000d\000'\000a\000b\000o\000r\000d}{chapter.10}% 65
\BOOKMARK [1][-]{section.10.4}{\376\377\000D\000i\000j\000k\000s\000t\000r\000a\000\040\000:\000\040\000C\000h\000e\000m\000i\000n\000s\000\040\000p\000o\000n\000d\000e\000r\000e\000s}{chapter.10}% 66
\BOOKMARK [1][-]{section.10.5}{\376\377\000C\000h\000a\000l\000l\000e\000n\000g\000e\000s\000\040\000d\000'\000a\000p\000p\000l\000i\000c\000a\000t\000i\000o\000n}{chapter.10}% 67
\BOOKMARK [0][-]{chapter.11}{\376\377\000P\000r\000o\000g\000r\000a\000m\000m\000a\000t\000i\000o\000n\000\040\000D\000y\000n\000a\000m\000i\000q\000u\000e\000\040\000:\000\040\000O\000p\000t\000i\000m\000i\000s\000e\000r\000\040\000p\000a\000r\000\040\000S\000o\000u\000s\000-\000p\000r\000o\000b\000l\000e\000m\000e\000s}{part.3}% 68
\BOOKMARK [1][-]{section.11.1}{\376\377\000Q\000u\000'\000e\000s\000t\000-\000c\000e\000\040\000q\000u\000e\000\040\000l\000a\000\040\000D\000P\000\040\000?}{chapter.11}% 69
\BOOKMARK [1][-]{section.11.2}{\376\377\000L\000e\000s\000\040\000d\000e\000u\000x\000\040\000a\000p\000p\000r\000o\000c\000h\000e\000s}{chapter.11}% 70
\BOOKMARK [1][-]{section.11.3}{\376\377\000C\000h\000a\000l\000l\000e\000n\000g\000e\000s\000\040\000d\000'\000a\000p\000p\000l\000i\000c\000a\000t\000i\000o\000n}{chapter.11}% 71
\BOOKMARK [0][-]{chapter.12}{\376\377\000S\000i\000m\000u\000l\000a\000t\000i\000o\000n\000\040\000:\000\040\000M\000o\000d\000e\000l\000i\000s\000e\000r\000\040\000l\000e\000\040\000M\000o\000n\000d\000e}{part.3}% 72
\BOOKMARK [1][-]{section.12.1}{\376\377\000A\000u\000t\000o\000m\000a\000t\000e\000s\000\040\000c\000e\000l\000l\000u\000l\000a\000i\000r\000e\000s}{chapter.12}% 73
\BOOKMARK [1][-]{section.12.2}{\376\377\000D\000e\000t\000e\000c\000t\000i\000o\000n\000\040\000d\000e\000\040\000c\000y\000c\000l\000e\000s}{chapter.12}% 74
\BOOKMARK [1][-]{section.12.3}{\376\377\000C\000h\000a\000l\000l\000e\000n\000g\000e\000s\000\040\000d\000'\000a\000p\000p\000l\000i\000c\000a\000t\000i\000o\000n}{chapter.12}% 75
\BOOKMARK [-1][-]{part.4}{\376\377\000I\000V\000\040\000A\000p\000p\000l\000i\000c\000a\000t\000i\000o\000n\000s\000\040\000C\000y\000b\000e\000r}{}% 76
\BOOKMARK [0][-]{chapter.13}{\376\377\000C\000r\000y\000p\000t\000o\000g\000r\000a\000p\000h\000i\000e\000\040\000:\000\040\000C\000a\000c\000h\000e\000r\000\040\000e\000t\000\040\000R\000e\000v\000e\000l\000e\000r}{part.4}% 77
\BOOKMARK [1][-]{section.13.1}{\376\377\000X\000O\000R\000\040\000:\000\040\000l\000e\000\040\000c\000h\000i\000f\000f\000r\000e\000m\000e\000n\000t\000\040\000r\000e\000v\000e\000r\000s\000i\000b\000l\000e}{chapter.13}% 78
\BOOKMARK [1][-]{section.13.2}{\376\377\000H\000a\000c\000h\000a\000g\000e\000\040\000:\000\040\000l\000'\000e\000m\000p\000r\000e\000i\000n\000t\000e\000\040\000u\000n\000i\000q\000u\000e}{chapter.13}% 79
\BOOKMARK [1][-]{section.13.3}{\376\377\000C\000h\000a\000l\000l\000e\000n\000g\000e\000s\000\040\000d\000'\000a\000p\000p\000l\000i\000c\000a\000t\000i\000o\000n}{chapter.13}% 80
\BOOKMARK [0][-]{chapter.14}{\376\377\000P\000a\000r\000s\000i\000n\000g\000\040\000A\000v\000a\000n\000c\000e\000\040\000:\000\040\000R\000e\000g\000e\000x\000\040\000e\000t\000\040\000G\000r\000a\000m\000m\000a\000i\000r\000e\000s}{part.4}% 81
\BOOKMARK [1][-]{section.14.1}{\376\377\000E\000x\000p\000r\000e\000s\000s\000i\000o\000n\000s\000\040\000r\000e\000g\000u\000l\000i\000e\000r\000e\000s\000\040\000\050\000R\000e\000g\000e\000x\000\051}{chapter.14}% 82
\BOOKMARK [1][-]{section.14.2}{\376\377\000P\000a\000t\000t\000e\000r\000n\000s\000\040\000c\000o\000u\000r\000a\000n\000t\000s}{chapter.14}% 83
\BOOKMARK [1][-]{section.14.3}{\376\377\000C\000h\000a\000l\000l\000e\000n\000g\000e\000s\000\040\000d\000'\000a\000p\000p\000l\000i\000c\000a\000t\000i\000o\000n}{chapter.14}% 84
\BOOKMARK [0][-]{chapter.15}{\376\377\000O\000p\000t\000i\000m\000i\000s\000a\000t\000i\000o\000n\000\040\000:\000\040\000F\000a\000i\000r\000e\000\040\000P\000l\000u\000s\000\040\000V\000i\000t\000e}{part.4}% 85
\BOOKMARK [1][-]{section.15.1}{\376\377\000I\000d\000e\000n\000t\000i\000f\000i\000e\000r\000\040\000l\000e\000s\000\040\000g\000o\000u\000l\000o\000t\000s}{chapter.15}% 86
\BOOKMARK [1][-]{section.15.2}{\376\377\000C\000o\000m\000p\000l\000e\000x\000i\000t\000e\000\040\000a\000l\000g\000o\000r\000i\000t\000h\000m\000i\000q\000u\000e}{chapter.15}% 87
\BOOKMARK [1][-]{section.15.3}{\376\377\000T\000e\000c\000h\000n\000i\000q\000u\000e\000s\000\040\000c\000o\000u\000r\000a\000n\000t\000e\000s}{chapter.15}% 88
\BOOKMARK [1][-]{section.15.4}{\376\377\000C\000h\000a\000l\000l\000e\000n\000g\000e\000s\000\040\000d\000'\000a\000p\000p\000l\000i\000c\000a\000t\000i\000o\000n}{chapter.15}% 89
\BOOKMARK [-1][-]{part.5}{\376\377\000V\000\040\000A\000n\000n\000e\000x\000e\000s}{}% 90
\BOOKMARK [0][-]{appendix.A}{\376\377\000R\000e\000f\000e\000r\000e\000n\000c\000e\000\040\000P\000y\000t\000h\000o\000n}{part.5}% 91
\BOOKMARK [1][-]{section.A.1}{\376\377\000C\000o\000l\000l\000e\000c\000t\000i\000o\000n\000s}{appendix.A}% 92
\BOOKMARK [1][-]{section.A.2}{\376\377\000C\000o\000m\000p\000r\000e\000h\000e\000n\000s\000i\000o\000n\000s}{appendix.A}% 93
\BOOKMARK [1][-]{section.A.3}{\376\377\000F\000o\000n\000c\000t\000i\000o\000n\000s\000\040\000u\000t\000i\000l\000e\000s}{appendix.A}% 94
\BOOKMARK [0][-]{appendix.B}{\376\377\000C\000o\000m\000p\000l\000e\000x\000i\000t\000e\000\040\000A\000l\000g\000o\000r\000i\000t\000h\000m\000i\000q\000u\000e}{part.5}% 95
\BOOKMARK [1][-]{section.B.1}{\376\377\000N\000o\000t\000a\000t\000i\000o\000n\000\040\000B\000i\000g\000-\000O}{appendix.B}% 96
\BOOKMARK [1][-]{section.B.2}{\376\377\000C\000o\000m\000p\000l\000e\000x\000i\000t\000e\000s\000\040\000c\000o\000u\000r\000a\000n\000t\000e\000s}{appendix.B}% 97
\BOOKMARK [1][-]{section.B.3}{\376\377\000R\000e\000g\000l\000e\000s\000\040\000d\000e\000\040\000c\000a\000l\000c\000u\000l}{appendix.B}% 98
\BOOKMARK [1][-]{section.B.4}{\376\377\000C\000o\000m\000p\000l\000e\000x\000i\000t\000e\000\040\000s\000p\000a\000t\000i\000a\000l\000e}{appendix.B}% 99
\BOOKMARK [0][-]{appendix.C}{\376\377\000I\000n\000d\000e\000x\000\040\000d\000e\000s\000\040\000C\000h\000a\000l\000l\000e\000n\000g\000e\000s}{part.5}% 100
\BOOKMARK [1][-]{section.C.1}{\376\377\000P\000a\000r\000\040\000C\000o\000n\000c\000e\000p\000t\000\040\000P\000r\000i\000n\000c\000i\000p\000a\000l}{appendix.C}% 101
\BOOKMARK [2][-]{subsection.C.1.1}{\376\377\000P\000a\000r\000s\000i\000n\000g\000\040\000e\000t\000\040\000I\000/\000O}{section.C.1}% 102
\BOOKMARK [2][-]{subsection.C.1.2}{\376\377\000G\000r\000i\000l\000l\000e\000s\000\040\000e\000t\000\040\000N\000a\000v\000i\000g\000a\000t\000i\000o\000n}{section.C.1}% 103
\BOOKMARK [2][-]{subsection.C.1.3}{\376\377\000B\000F\000S\000\040\000/\000\040\000P\000a\000t\000h\000f\000i\000n\000d\000i\000n\000g}{section.C.1}% 104
\BOOKMARK [2][-]{subsection.C.1.4}{\376\377\000R\000e\000c\000u\000r\000s\000i\000o\000n\000\040\000e\000t\000\040\000D\000P}{section.C.1}% 105
\BOOKMARK [2][-]{subsection.C.1.5}{\376\377\000M\000a\000t\000h\000e\000m\000a\000t\000i\000q\000u\000e\000s}{section.C.1}% 106
\BOOKMARK [1][-]{section.C.2}{\376\377\000P\000a\000r\000\040\000D\000i\000f\000f\000i\000c\000u\000l\000t\000e}{appendix.C}% 107
\BOOKMARK [2][-]{subsection.C.2.1}{\376\377\000N\000i\000v\000e\000a\000u\000\040\000D\000e\000b\000u\000t\000a\000n\000t\000\040\000\050\000\051}{section.C.2}% 108
\BOOKMARK [2][-]{subsection.C.2.2}{\376\377\000N\000i\000v\000e\000a\000u\000\040\000I\000n\000t\000e\000r\000m\000e\000d\000i\000a\000i\000r\000e\000\040\000\050\000\051}{section.C.2}% 109
\BOOKMARK [2][-]{subsection.C.2.3}{\376\377\000N\000i\000v\000e\000a\000u\000\040\000A\000v\000a\000n\000c\000e\000\040\000\050\000\051}{section.C.2}% 110
\BOOKMARK [2][-]{subsection.C.2.4}{\376\377\000N\000i\000v\000e\000a\000u\000\040\000E\000x\000p\000e\000r\000t\000\040\000\050\000\051}{section.C.2}% 111
\BOOKMARK [1][-]{section.C.3}{\376\377\000C\000h\000a\000l\000l\000e\000n\000g\000e\000s\000\040\000E\000m\000b\000l\000e\000m\000a\000t\000i\000q\000u\000e\000s}{appendix.C}% 112
\BOOKMARK [0][-]{appendix*.4}{\376\377\000I\000n\000d\000e\000x\000\040\000d\000e\000s\000\040\000C\000h\000a\000l\000l\000e\000n\000g\000e\000s}{part.5}% 113
